{
  "0 debug pnpm:scope": {
    "selected": 1
  },
  "1 info pnpm": {
    "err": {
      "name": "Error",
      "message": "not found: instal",
      "code": "ENOENT",
      "stack": "Error: not found: instal\n    at getNotFoundError (/usr/local/lib/node_modules/pnpm/dist/pnpm.cjs:41759:51)\n    at Function.whichSync [as sync] (/usr/local/lib/node_modules/pnpm/dist/pnpm.cjs:41836:13)\n    at getCommandAbsolutePathSync (/usr/local/lib/node_modules/pnpm/dist/pnpm.cjs:43401:44)\n    at default_1 (/usr/local/lib/node_modules/pnpm/dist/pnpm.cjs:43410:32)\n    at /usr/local/lib/node_modules/pnpm/dist/pnpm.cjs:178873:39"
    }
  },
  "2 error pnpm": {
    "code": "ERR_PNPM_RECURSIVE_EXEC_FIRST_FAIL",
    "prefix": "/home/gabriel/Downloads/inclusion-challenge",
    "err": {
      "name": "pnpm",
      "message": "not found: instal",
      "code": "ERR_PNPM_RECURSIVE_EXEC_FIRST_FAIL",
      "stack": "Error: not found: instal\n    at getNotFoundError (/usr/local/lib/node_modules/pnpm/dist/pnpm.cjs:41759:51)\n    at Function.whichSync [as sync] (/usr/local/lib/node_modules/pnpm/dist/pnpm.cjs:41836:13)\n    at getCommandAbsolutePathSync (/usr/local/lib/node_modules/pnpm/dist/pnpm.cjs:43401:44)\n    at default_1 (/usr/local/lib/node_modules/pnpm/dist/pnpm.cjs:43410:32)\n    at /usr/local/lib/node_modules/pnpm/dist/pnpm.cjs:178873:39"
    }
  }
}